<?xml version="1.0" encoding="UTF-8"?>
<!-- Generated by org.testng.reporters.JUnitReportReporter -->
<testsuite hostname="touseef" failures="0" tests="1" name="testcases.getPusherCreds" time="3.710" errors="0" timestamp="2023-11-24T12:30:04 PKT" skipped="0">
  <testcase classname="testcases.getPusherCreds" name="superKiwi" time="3.710"/>
  <system-out/>
</testsuite> <!-- testcases.getPusherCreds -->
